2018-12-14 20:33:53.676 DEBUG　★コンパイル済のDSLを出力しました
2018-12-14 20:33:53.677 DEBUG　★TEST用DSLを読み込みます
2018-12-14 20:33:53.717 DEBUG　★TEST用DSLを読み込みますした
2018-12-14 20:33:53.718 DEBUG　★TEST用DSLをコンパイルします
2018-12-14 20:33:54.039 DEBUG　★TEST用DSLをコンパイルしました
2018-12-14 20:33:54.040 DEBUG　★TEST　ケース実行します。
2018-12-14 20:33:54.051 DEBUG　    エフェクタ評価します。エフェクタ:effector/ユーザー通知#メール送信
2018-12-14 20:33:54.053 DEBUG　■■メール送信
log = jp.co.fluxengine.plugin.effector.MailNotificationEffector:DEBUG in c387f44
userId = uid12345
now = 2018-11-10T00:12:34
message = メールメッセージ

2018-12-14 20:33:54.054 DEBUG　    エフェクタ評価終了します。エフェクタ:effector/ユーザー通知#メール送信 エフェクタ値:null
2018-12-14 20:33:54.054 DEBUG　★TEST　期待値比較します。effector\ユーザー通知.dsl test 1
2018-12-14 20:33:54.055 DEBUG　★TEST　期待値比較結果出力します。
2018-12-14 20:33:54.057 DEBUG　★TEST　期待値比較結果出力しました。
2018-12-14 20:33:54.058 DEBUG　    エフェクタ評価します。エフェクタ:effector/ユーザー通知#メール送信
2018-12-14 20:33:54.058 DEBUG　★TEST　期待値比較します。effector\ユーザー通知.dsl test 2
2018-12-14 20:33:54.101 DEBUG　★TEST　期待値比較結果出力します。
2018-12-14 20:33:54.102 DEBUG　★TEST　期待値比較結果出力しました。
2018-12-14 20:33:54.103 DEBUG　    Persister評価します。Persister:persister/パケット積算データ#パケット積算データ
2018-12-14 20:33:54.388 DEBUG　★TEST　期待値比較します。persister\パケット積算データ.dsl test 1
2018-12-14 20:33:54.393 DEBUG　DatastoreDao get: Pk:[null, persister/パケット積算データ#パケット積算データ] lifetime:2018-11-10
2018-12-14 20:33:55.385 DEBUG　DatastoreDao value: null
2018-12-14 20:33:55.386 DEBUG　★TEST　期待値比較結果出力します。
2018-12-14 20:33:55.387 DEBUG　★TEST　期待値比較結果出力しました。
2018-12-14 20:33:55.421 DEBUG　Engine起動します。投入イベント：[eventName:event/パケットイベント#パケットイベント createTime:null detail:{端末ID=tid112233, 使用量=5900, 日時=2018/11/10 00:00:01}]
2018-12-14 20:33:55.450 DEBUG　Dslバージョン取得します。
2018-12-14 20:33:55.450 DEBUG　Dslバージョン取得しました。 version:1
2018-12-14 20:33:55.451 DEBUG　Dsl取得します。 version:1
2018-12-14 20:33:55.451 DEBUG　Dsl取得しました。
2018-12-14 20:33:55.454 DEBUG　    ルール評価します。ルール:rule/パケット積算#パケット積算
2018-12-14 20:33:55.454 DEBUG　    バリアント評価します。バリアント:rule/パケット積算#累積パケットデータ
2018-12-14 20:33:55.455 DEBUG　    バリアント評価します。バリアント:variant/ユーザー情報#ユーザー情報
2018-12-14 20:33:55.455 DEBUG　    バリアント評価終了します。バリアント:variant/ユーザー情報#ユーザー情報 バリアント値:{ユーザーID=uid12345, パケット上限=5368709120}
2018-12-14 20:33:55.458 DEBUG　DatastoreDao get: Pk:[uid12345, persister/パケット積算データ#パケット積算データ] lifetime:2018-11-10
2018-12-14 20:33:55.609 DEBUG　DatastoreDao value: null
2018-12-14 20:33:55.629 DEBUG　    バリアント評価終了します。バリアント:rule/パケット積算#累積パケットデータ バリアント値:5900
2018-12-14 20:33:55.629 DEBUG　    バリアント評価します。バリアント:variant/ユーザー情報#ユーザー情報
2018-12-14 20:33:55.629 DEBUG　    バリアント値すでに評価しました。バリアント:variant/ユーザー情報#ユーザー情報 バリアント値:{ユーザーID=uid12345, パケット上限=5368709120}
2018-12-14 20:33:55.629 DEBUG　    ルール評価終了します。ルール:rule/パケット積算#パケット積算 ルール値:false
2018-12-14 20:33:55.631 DEBUG　    バリアント評価します。バリアント:rule/パケット積算#累積パケットデータ
2018-12-14 20:33:55.631 DEBUG　    バリアント値すでに評価しました。バリアント:rule/パケット積算#累積パケットデータ バリアント値:5900
2018-12-14 20:33:55.631 DEBUG　    バリアント評価します。バリアント:variant/ユーザー情報#ユーザー情報
2018-12-14 20:33:55.631 DEBUG　    バリアント値すでに評価しました。バリアント:variant/ユーザー情報#ユーザー情報 バリアント値:{ユーザーID=uid12345, パケット上限=5368709120}
2018-12-14 20:33:55.663 DEBUG　    persister評価します。:rule/パケット積算#パケット積算データ method：put
2018-12-14 20:33:55.664 DEBUG　DatastoreDao put: Pk:[uid12345, persister/パケット積算データ#パケット積算データ] lifetime:2018-11-10 value:{使用量=5900}
2018-12-14 20:33:55.916 DEBUG　    persister評価終了します。:rule/パケット積算#パケット積算データ 値:null
2018-12-14 20:33:55.933 DEBUG　
2018-12-14 20:33:55.933 DEBUG　Engine正常終了しました。
2018-12-14 20:33:55.933 DEBUG　★TEST　期待値比較します。rule\パケット積算.dsl test 1
2018-12-14 20:33:55.933 DEBUG　★TEST　期待値比較結果出力します。
2018-12-14 20:33:55.934 DEBUG　★TEST　期待値比較結果出力しました。
2018-12-14 20:33:55.937 DEBUG　Engine起動します。投入イベント：[eventName:event/パケットイベント#パケットイベント createTime:null detail:{端末ID=tid112233, 使用量=5368709120, 日時=2018/11/10 00:00:01}]
2018-12-14 20:33:55.938 DEBUG　    ルール評価します。ルール:rule/パケット積算#パケット積算
2018-12-14 20:33:55.938 DEBUG　    バリアント評価します。バリアント:rule/パケット積算#累積パケットデータ
2018-12-14 20:33:55.939 DEBUG　    バリアント評価します。バリアント:variant/ユーザー情報#ユーザー情報
2018-12-14 20:33:55.939 DEBUG　    バリアント評価終了します。バリアント:variant/ユーザー情報#ユーザー情報 バリアント値:{ユーザーID=uid12345, パケット上限=5368709120}
2018-12-14 20:33:55.947 DEBUG　DatastoreDao get: Pk:[uid12345, persister/パケット積算データ#パケット積算データ] lifetime:2018-11-10
2018-12-14 20:33:56.102 DEBUG　DatastoreDao lifetimeValue:2018-11-10, value:{使用量=5900}
2018-12-14 20:33:56.102 DEBUG　    バリアント評価終了します。バリアント:rule/パケット積算#累積パケットデータ バリアント値:5368715020
2018-12-14 20:33:56.102 DEBUG　    バリアント評価します。バリアント:variant/ユーザー情報#ユーザー情報
2018-12-14 20:33:56.102 DEBUG　    バリアント値すでに評価しました。バリアント:variant/ユーザー情報#ユーザー情報 バリアント値:{ユーザーID=uid12345, パケット上限=5368709120}
2018-12-14 20:33:56.103 DEBUG　    ルール評価終了します。ルール:rule/パケット積算#パケット積算 ルール値:true
2018-12-14 20:33:56.104 DEBUG　    バリアント評価します。バリアント:variant/ユーザー情報#ユーザー情報
2018-12-14 20:33:56.105 DEBUG　    バリアント値すでに評価しました。バリアント:variant/ユーザー情報#ユーザー情報 バリアント値:{ユーザーID=uid12345, パケット上限=5368709120}
2018-12-14 20:33:56.105 DEBUG　    バリアント評価します。バリアント:rule/パケット積算#累積パケットデータ
2018-12-14 20:33:56.105 DEBUG　    バリアント値すでに評価しました。バリアント:rule/パケット積算#累積パケットデータ バリアント値:5368715020
2018-12-14 20:33:56.106 DEBUG　    バリアント評価します。バリアント:variant/ユーザー情報#ユーザー情報
2018-12-14 20:33:56.106 DEBUG　    バリアント値すでに評価しました。バリアント:variant/ユーザー情報#ユーザー情報 バリアント値:{ユーザーID=uid12345, パケット上限=5368709120}
2018-12-14 20:33:56.130 DEBUG　    persister評価します。:rule/パケット積算#パケット積算データ method：put
2018-12-14 20:33:56.130 DEBUG　DatastoreDao put: Pk:[uid12345, persister/パケット積算データ#パケット積算データ] lifetime:2018-11-10 value:{使用量=5368715020}
2018-12-14 20:33:56.219 DEBUG　    persister評価終了します。:rule/パケット積算#パケット積算データ 値:null
2018-12-14 20:33:56.251 DEBUG　    エフェクタ評価します。エフェクタ:rule/パケット積算#メール送信
2018-12-14 20:33:56.251 DEBUG　■■メール送信
log = jp.co.fluxengine.plugin.effector.MailNotificationEffector:DEBUG in c387f44
userId = uid12345
now = 2018-11-10T21:00
message = パケット使用量を超過しました。

2018-12-14 20:33:56.251 DEBUG　    エフェクタ評価終了します。エフェクタ:rule/パケット積算#メール送信 エフェクタ値:null
2018-12-14 20:33:56.251 DEBUG　
2018-12-14 20:33:56.251 DEBUG　Engine正常終了しました。
2018-12-14 20:33:56.251 DEBUG　★TEST　期待値比較します。rule\パケット積算.dsl test 2
2018-12-14 20:33:56.251 DEBUG　★TEST　期待値比較結果出力します。
2018-12-14 20:33:56.253 DEBUG　★TEST　期待値比較結果出力しました。
2018-12-14 20:33:56.253 DEBUG　    バリアント評価します。バリアント:variant/ユーザー情報#ユーザー情報
2018-12-14 20:33:56.253 DEBUG　    バリアント評価終了します。バリアント:variant/ユーザー情報#ユーザー情報 バリアント値:{ユーザーID=uid12345, パケット上限=5368709120}
2018-12-14 20:33:56.253 DEBUG　★TEST　期待値比較します。variant\ユーザー情報.dsl test 1
2018-12-14 20:33:56.253 DEBUG　    バリアント評価します。バリアント:variant/ユーザー情報#ユーザー情報
2018-12-14 20:33:56.253 DEBUG　    バリアント値すでに評価しました。バリアント:variant/ユーザー情報#ユーザー情報 バリアント値:{ユーザーID=uid12345, パケット上限=5368709120}
2018-12-14 20:33:56.253 DEBUG　    バリアント評価します。バリアント:variant/ユーザー情報#ユーザー情報
2018-12-14 20:33:56.253 DEBUG　    バリアント値すでに評価しました。バリアント:variant/ユーザー情報#ユーザー情報 バリアント値:{ユーザーID=uid12345, パケット上限=5368709120}
2018-12-14 20:33:56.254 DEBUG　★TEST　期待値比較結果出力します。
2018-12-14 20:33:56.255 DEBUG　★TEST　期待値比較結果出力しました。
